build/app/outputs/mapping/release/mapping.txt
# compiler: R8
# compiler_version: 1.5.64
# min_api: 21
# pg_map_id: 77679ed
...
com.squareup.okhttp.Protocol -> b.b.a.d:
    com.squareup.okhttp.Protocol[] $VALUES -> g
    com.squareup.okhttp.Protocol HTTP_1_0 -> c
    com.squareup.okhttp.Protocol SPDY_3 -> e
    com.squareup.okhttp.Protocol HTTP_1_1 -> d
    com.squareup.okhttp.Protocol HTTP_2 -> f
    java.lang.String protocol -> b
com.squareup.okhttp.Request -> b.b.a.e:
    com.squareup.okhttp.HttpUrl url -> a
    java.lang.Object tag -> d
    java.lang.String method -> b
    com.squareup.okhttp.Headers headers -> c
    com.squareup.okhttp.Headers headers() -> a
    com.squareup.okhttp.HttpUrl httpUrl() -> b
com.squareup.okhttp.Request$1 -> b.b.a.e$a:
com.squareup.okhttp.Request$Builder -> b.b.a.e$b:
    com.squareup.okhttp.HttpUrl url -> a
    java.lang.Object tag -> e
    com.squareup.okhttp.Headers$Builder headers -> c
    java.lang.String method -> b
    com.squareup.okhttp.RequestBody body -> d
    com.squareup.okhttp.HttpUrl access$000(com.squareup.okhttp.Request$Builder) -> a
    com.squareup.okhttp.Request build() -> a
    com.squareup.okhttp.Request$Builder header(java.lang.String,java.lang.String) -> a
    com.squareup.okhttp.Request$Builder url(com.squareup.okhttp.HttpUrl) -> a
    java.lang.String access$100(com.squareup.okhttp.Request$Builder) -> b
    com.squareup.okhttp.Headers$Builder access$200(com.squareup.okhttp.Request$Builder) -> c
    com.squareup.okhttp.RequestBody access$300(com.squareup.okhttp.Request$Builder) -> d
    java.lang.Object access$400(com.squareup.okhttp.Request$Builder) -> e
com.squareup.okhttp.RequestBody -> b.b.a.f:
com.squareup.okhttp.internal.http.StatusLine -> b.b.a.g.a.a:
    com.squareup.okhttp.Protocol protocol -> a
    int code -> b
    java.lang.String message -> c
    com.squareup.okhttp.internal.http.StatusLine parse(java.lang.String) -> a
io.flutter.FlutterInjector -> c.a.a:
    io.flutter.embedding.engine.loader.FlutterLoader flutterLoader -> a
    io.flutter.embedding.engine.deferredcomponents.DeferredComponentManager deferredComponentManager -> b
    io.flutter.FlutterInjector instance -> c
    io.flutter.embedding.engine.deferredcomponents.DeferredComponentManager deferredComponentManager() -> a
    io.flutter.embedding.engine.loader.FlutterLoader flutterLoader() -> b
    io.flutter.FlutterInjector instance() -> c
io.flutter.FlutterInjector$1 -> c.a.a$a:
io.flutter.FlutterInjector$Builder -> c.a.a$b:
    io.flutter.embedding.engine.loader.FlutterLoader flutterLoader -> a
    io.flutter.embedding.engine.deferredcomponents.DeferredComponentManager deferredComponentManager -> b
    io.flutter.FlutterInjector build() -> a
    void fillDefaults() -> b
io.flutter.Log -> c.a.b:
    void d(java.lang.String,java.lang.String) -> a
    void e(java.lang.String,java.lang.String,java.lang.Throwable) -> a
    void e(java.lang.String,java.lang.String) -> b
    void w(java.lang.String,java.lang.String,java.lang.Throwable) -> b
    void v(java.lang.String,java.lang.String) -> c
    void w(java.lang.String,java.lang.String) -> d
io.flutter.embedding.android.AndroidKeyProcessor -> io.flutter.embedding.android.a:
    io.flutter.embedding.engine.systemchannels.KeyEventChannel keyEventChannel -> a
    int combiningCharacter -> b
    io.flutter.embedding.android.AndroidKeyProcessor$EventResponder eventResponder -> c
    java.lang.Character applyCombiningCharacterToBaseCharacter(int) -> a
    void destroy() -> a
    boolean isPendingEvent(android.view.KeyEvent) -> a
    boolean onKeyEvent(android.view.KeyEvent) -> b